<?xml version="1.0" encoding="UTF-8"?>
<testsuites name="BookAnAppointment" time="37.888" tests="3" failures="0" errors="0">
   <testsuite name="BookAnAppointment" tests="3" failures="0" errors="0" time="37.888" skipped="0" timestamp="29-01-2025T17:39:43" hostname="fauza - MSI" id="Test Suites/BookAnAppointment">
      <properties>
         <property name="deviceName" value=""/>
         <property name="devicePlatform"/>
         <property name="logFolder" value="C:\\Users\\fauza\\OneDrive\\Documents\\Portfolio\\katalon-demo\\Reports\\20250129_173937\\BookAnAppointment\\20250129_173938"/>
         <property name="logFiles" value="C:\\Users\\fauza\\OneDrive\\Documents\\Portfolio\\katalon-demo\\Reports\\20250129_173937\\BookAnAppointment\\20250129_173938\\execution0.log"/>
         <property name="attachments" value=""/>
         <property name="hostName" value="fauza - MSI"/>
         <property name="os" value="Windows 11 64bit"/>
         <property name="katalonVersion" value="10.1.0.223"/>
         <property name="browser" value="Chrome 132.0.6834.111"/>
         <property name="hostAddress" value="192.168.0.44"/>
         <property name="sessionId" value="2dc015d55b3e2a19c4bf1ee54a5f4edf"/>
         <property name="seleniumVersion" value="4.22.0"/>
         <property name="proxyInformation" value="ProxyInformation { proxyOption=NO_PROXY, proxyServerType=HTTP, username=, password=********, proxyServerAddress=, proxyServerPort=0, executionList=&quot;&quot;, isApplyToDesiredCapabilities=true }"/>
         <property name="platform" value="Windows 11"/>
      </properties>
      <testcase name="Test Cases/Login" time="13.471" classname="Test Cases/Login" status="PASSED">
         <system-out><![CDATA[29-01-2025T17:39:43 - [TEST_CASE][PASSED] - Test Cases/Login: Test Cases/Login

29-01-2025T17:39:43 - [TEST_STEP][PASSED] - openBrowser(""): Browser is opened with url: ''

29-01-2025T17:39:44 - [MESSAGE][INFO] - Starting 'Chrome' driver

29-01-2025T17:39:44 - [MESSAGE][INFO] - Action delay is set to 0 milliseconds

29-01-2025T17:39:47 - [MESSAGE][PASSED] - Browser is opened with url: ''

29-01-2025T17:39:47 - [TEST_STEP][PASSED] - navigateToUrl("https://katalon-demo-cura.herokuapp.com/"): Navigate to 'https://katalon-demo-cura.herokuapp.com/' successfully

29-01-2025T17:39:53 - [MESSAGE][PASSED] - Navigate to 'https://katalon-demo-cura.herokuapp.com/' successfully

29-01-2025T17:39:53 - [TEST_STEP][PASSED] - click(findTestObject("Object Repository/Page_CURA Healthcare Service/a_Make Appointment")): Object: 'Object Repository/Page_CURA Healthcare Service/a_Make Appointment' is clicked on

29-01-2025T17:39:54 - [MESSAGE][PASSED] - Object: 'Object Repository/Page_CURA Healthcare Service/a_Make Appointment' is clicked on

29-01-2025T17:39:54 - [TEST_STEP][PASSED] - setText(findTestObject("Object Repository/Page_CURA Healthcare Service/input_Username_username"), "John Doe"): Text 'John Doe' is set on object 'Object Repository/Page_CURA Healthcare Service/input_Username_username'

29-01-2025T17:39:55 - [MESSAGE][PASSED] - Text 'John Doe' is set on object 'Object Repository/Page_CURA Healthcare Service/input_Username_username'

29-01-2025T17:39:55 - [TEST_STEP][PASSED] - setEncryptedText(findTestObject("Object Repository/Page_CURA Healthcare Service/input_Password_password"), "g3/DOGG74jC3Flrr3yH+3D/yKbOqqUNM"): Text ****** has been set on object 'Object Repository/Page_CURA Healthcare Service/input_Password_password'

29-01-2025T17:39:55 - [MESSAGE][PASSED] - Text ****** has been set on object 'Object Repository/Page_CURA Healthcare Service/input_Password_password'

29-01-2025T17:39:55 - [TEST_STEP][PASSED] - click(findTestObject("Object Repository/Page_CURA Healthcare Service/button_Login")): Object: 'Object Repository/Page_CURA Healthcare Service/button_Login' is clicked on

29-01-2025T17:39:56 - [MESSAGE][PASSED] - Object: 'Object Repository/Page_CURA Healthcare Service/button_Login' is clicked on

29-01-2025T17:39:56 - [TEST_STEP][PASSED] - verifyElementVisible(findTestObject("Object Repository/Page_CURA Healthcare Service/h2_Make Appointment")): Object 'Object Repository/Page_CURA Healthcare Service/h2_Make Appointment' is visible

29-01-2025T17:39:57 - [MESSAGE][PASSED] - Object 'Object Repository/Page_CURA Healthcare Service/h2_Make Appointment' is visible]]></system-out>
         <system-err><![CDATA[]]></system-err>
      </testcase>
      <testcase name="Test Cases/Bookanappointment" time="14.624" classname="Test Cases/Bookanappointment" status="PASSED">
         <system-out><![CDATA[29-01-2025T17:39:57 - [TEST_CASE][PASSED] - Test Cases/Bookanappointment: Test Cases/Bookanappointment

29-01-2025T17:39:57 - [TEST_STEP][PASSED] - callTestCase(findTestCase("Login"), [:], STOP_ON_FAILURE): Call Test Case 'Test Cases/Login' successfully

29-01-2025T17:39:57 - [TEST_CASE][PASSED] - Test Cases/Login: Test Cases/Login

29-01-2025T17:39:57 - [TEST_STEP][PASSED] - openBrowser(""): Browser is opened with url: ''

29-01-2025T17:39:57 - [MESSAGE][WARNING] - A browser is already opened. Closing browser and opening a new one

29-01-2025T17:39:57 - [MESSAGE][INFO] - Starting 'Chrome' driver

29-01-2025T17:39:57 - [MESSAGE][INFO] - Action delay is set to 0 milliseconds

29-01-2025T17:39:58 - [MESSAGE][PASSED] - Browser is opened with url: ''

29-01-2025T17:39:58 - [TEST_STEP][PASSED] - navigateToUrl("https://katalon-demo-cura.herokuapp.com/"): Navigate to 'https://katalon-demo-cura.herokuapp.com/' successfully

29-01-2025T17:40:02 - [MESSAGE][PASSED] - Navigate to 'https://katalon-demo-cura.herokuapp.com/' successfully

29-01-2025T17:40:02 - [TEST_STEP][PASSED] - click(findTestObject("Object Repository/Page_CURA Healthcare Service/a_Make Appointment")): Object: 'Object Repository/Page_CURA Healthcare Service/a_Make Appointment' is clicked on

29-01-2025T17:40:03 - [MESSAGE][PASSED] - Object: 'Object Repository/Page_CURA Healthcare Service/a_Make Appointment' is clicked on

29-01-2025T17:40:03 - [TEST_STEP][PASSED] - setText(findTestObject("Object Repository/Page_CURA Healthcare Service/input_Username_username"), "John Doe"): Text 'John Doe' is set on object 'Object Repository/Page_CURA Healthcare Service/input_Username_username'

29-01-2025T17:40:04 - [MESSAGE][PASSED] - Text 'John Doe' is set on object 'Object Repository/Page_CURA Healthcare Service/input_Username_username'

29-01-2025T17:40:04 - [TEST_STEP][PASSED] - setEncryptedText(findTestObject("Object Repository/Page_CURA Healthcare Service/input_Password_password"), "g3/DOGG74jC3Flrr3yH+3D/yKbOqqUNM"): Text ****** has been set on object 'Object Repository/Page_CURA Healthcare Service/input_Password_password'

29-01-2025T17:40:04 - [MESSAGE][PASSED] - Text ****** has been set on object 'Object Repository/Page_CURA Healthcare Service/input_Password_password'

29-01-2025T17:40:04 - [TEST_STEP][PASSED] - click(findTestObject("Object Repository/Page_CURA Healthcare Service/button_Login")): Object: 'Object Repository/Page_CURA Healthcare Service/button_Login' is clicked on

29-01-2025T17:40:06 - [MESSAGE][PASSED] - Object: 'Object Repository/Page_CURA Healthcare Service/button_Login' is clicked on

29-01-2025T17:40:06 - [TEST_STEP][PASSED] - verifyElementVisible(findTestObject("Object Repository/Page_CURA Healthcare Service/h2_Make Appointment")): Object 'Object Repository/Page_CURA Healthcare Service/h2_Make Appointment' is visible

29-01-2025T17:40:06 - [MESSAGE][PASSED] - Object 'Object Repository/Page_CURA Healthcare Service/h2_Make Appointment' is visible

29-01-2025T17:40:06 - [MESSAGE][PASSED] - Call Test Case 'Test Cases/Login' successfully

29-01-2025T17:40:06 - [TEST_STEP][PASSED] - selectOptionByValue(findTestObject("Object Repository/Page_CURA Healthcare Service/select_Tokyo CURA Healthcare Center        _5b4107"), "Hongkong CURA Healthcare Center", true): All options with value 'Hongkong CURA Healthcare Center' are selected in object 'Object Repository/Page_CURA Healthcare Service/select_Tokyo CURA Healthcare Center        _5b4107'  using regular expression

29-01-2025T17:40:07 - [MESSAGE][PASSED] - All options with value 'Hongkong CURA Healthcare Center' are selected in object 'Object Repository/Page_CURA Healthcare Service/select_Tokyo CURA Healthcare Center        _5b4107'  using regular expression

29-01-2025T17:40:07 - [TEST_STEP][PASSED] - click(findTestObject("Object Repository/Page_CURA Healthcare Service/label_Apply for hospital readmission")): Object: 'Object Repository/Page_CURA Healthcare Service/label_Apply for hospital readmission' is clicked on

29-01-2025T17:40:08 - [MESSAGE][PASSED] - Object: 'Object Repository/Page_CURA Healthcare Service/label_Apply for hospital readmission' is clicked on

29-01-2025T17:40:08 - [TEST_STEP][PASSED] - click(findTestObject("Object Repository/Page_CURA Healthcare Service/label_Medicaid")): Object: 'Object Repository/Page_CURA Healthcare Service/label_Medicaid' is clicked on

29-01-2025T17:40:08 - [MESSAGE][PASSED] - Object: 'Object Repository/Page_CURA Healthcare Service/label_Medicaid' is clicked on

29-01-2025T17:40:08 - [TEST_STEP][PASSED] - click(findTestObject("Object Repository/Page_CURA Healthcare Service/div_Visit Date (Required)_input-group-addon")): Object: 'Object Repository/Page_CURA Healthcare Service/div_Visit Date (Required)_input-group-addon' is clicked on

29-01-2025T17:40:08 - [MESSAGE][PASSED] - Object: 'Object Repository/Page_CURA Healthcare Service/div_Visit Date (Required)_input-group-addon' is clicked on

29-01-2025T17:40:08 - [TEST_STEP][PASSED] - click(findTestObject("Object Repository/Page_CURA Healthcare Service/td_30")): Object: 'Object Repository/Page_CURA Healthcare Service/td_30' is clicked on

29-01-2025T17:40:09 - [MESSAGE][PASSED] - Object: 'Object Repository/Page_CURA Healthcare Service/td_30' is clicked on

29-01-2025T17:40:09 - [TEST_STEP][PASSED] - setText(findTestObject("Object Repository/Page_CURA Healthcare Service/textarea_Comment_comment"), "Success"): Text 'Success' is set on object 'Object Repository/Page_CURA Healthcare Service/textarea_Comment_comment'

29-01-2025T17:40:10 - [MESSAGE][PASSED] - Text 'Success' is set on object 'Object Repository/Page_CURA Healthcare Service/textarea_Comment_comment'

29-01-2025T17:40:10 - [TEST_STEP][PASSED] - click(findTestObject("Object Repository/Page_CURA Healthcare Service/button_Book Appointment")): Object: 'Object Repository/Page_CURA Healthcare Service/button_Book Appointment' is clicked on

29-01-2025T17:40:11 - [MESSAGE][PASSED] - Object: 'Object Repository/Page_CURA Healthcare Service/button_Book Appointment' is clicked on

29-01-2025T17:40:11 - [TEST_STEP][PASSED] - navigateToUrl("https://katalon-demo-cura.herokuapp.com/appointment.php#summary"): Navigate to 'https://katalon-demo-cura.herokuapp.com/appointment.php#summary' successfully

29-01-2025T17:40:11 - [MESSAGE][PASSED] - Navigate to 'https://katalon-demo-cura.herokuapp.com/appointment.php#summary' successfully

29-01-2025T17:40:11 - [TEST_STEP][PASSED] - verifyElementVisible(findTestObject("Object Repository/Page_CURA Healthcare Service/h2_Appointment Confirmation")): Object 'Object Repository/Page_CURA Healthcare Service/h2_Appointment Confirmation' is visible

29-01-2025T17:40:11 - [MESSAGE][PASSED] - Object 'Object Repository/Page_CURA Healthcare Service/h2_Appointment Confirmation' is visible

29-01-2025T17:40:11 - [TEST_STEP][PASSED] - closeBrowser(): Browser is closed

29-01-2025T17:40:11 - [MESSAGE][PASSED] - Browser is closed]]></system-out>
         <system-err><![CDATA[]]></system-err>
      </testcase>
      <testcase name="Test Cases/LoginFail" time="9.495" classname="Test Cases/LoginFail" status="PASSED">
         <system-out><![CDATA[29-01-2025T17:40:11 - [TEST_CASE][PASSED] - Test Cases/LoginFail: Test Cases/LoginFail

29-01-2025T17:40:11 - [TEST_STEP][PASSED] - openBrowser(""): Browser is opened with url: ''

29-01-2025T17:40:11 - [MESSAGE][INFO] - Starting 'Chrome' driver

29-01-2025T17:40:11 - [MESSAGE][INFO] - Action delay is set to 0 milliseconds

29-01-2025T17:40:13 - [MESSAGE][PASSED] - Browser is opened with url: ''

29-01-2025T17:40:13 - [TEST_STEP][PASSED] - navigateToUrl("https://katalon-demo-cura.herokuapp.com/"): Navigate to 'https://katalon-demo-cura.herokuapp.com/' successfully

29-01-2025T17:40:16 - [MESSAGE][PASSED] - Navigate to 'https://katalon-demo-cura.herokuapp.com/' successfully

29-01-2025T17:40:16 - [TEST_STEP][PASSED] - click(findTestObject("Object Repository/Page_CURA Healthcare Service/a_Make Appointment")): Object: 'Object Repository/Page_CURA Healthcare Service/a_Make Appointment' is clicked on

29-01-2025T17:40:17 - [MESSAGE][PASSED] - Object: 'Object Repository/Page_CURA Healthcare Service/a_Make Appointment' is clicked on

29-01-2025T17:40:17 - [TEST_STEP][PASSED] - setText(findTestObject("Object Repository/Page_CURA Healthcare Service/input_Username_username"), "JohnDoe"): Text 'JohnDoe' is set on object 'Object Repository/Page_CURA Healthcare Service/input_Username_username'

29-01-2025T17:40:18 - [MESSAGE][PASSED] - Text 'JohnDoe' is set on object 'Object Repository/Page_CURA Healthcare Service/input_Username_username'

29-01-2025T17:40:18 - [TEST_STEP][PASSED] - setEncryptedText(findTestObject("Object Repository/Page_CURA Healthcare Service/input_Password_password"), "g3/DOGG74jC3Flrr3yH+3D/yKbOqqUNM"): Text ****** has been set on object 'Object Repository/Page_CURA Healthcare Service/input_Password_password'

29-01-2025T17:40:19 - [MESSAGE][PASSED] - Text ****** has been set on object 'Object Repository/Page_CURA Healthcare Service/input_Password_password'

29-01-2025T17:40:19 - [TEST_STEP][PASSED] - click(findTestObject("Object Repository/Page_CURA Healthcare Service/button_Login")): Object: 'Object Repository/Page_CURA Healthcare Service/button_Login' is clicked on

29-01-2025T17:40:20 - [MESSAGE][PASSED] - Object: 'Object Repository/Page_CURA Healthcare Service/button_Login' is clicked on

29-01-2025T17:40:20 - [TEST_STEP][PASSED] - verifyElementPresent(findTestObject("Object Repository/Page_CURA Healthcare Service/p_Login failed Please ensure the username a_eb55b5"), 0): Object 'Object Repository/Page_CURA Healthcare Service/p_Login failed Please ensure the username a_eb55b5' is present

29-01-2025T17:40:20 - [MESSAGE][WARNING] - Timeout '0' is invalid. Using default page load timeout: '30'

29-01-2025T17:40:20 - [MESSAGE][PASSED] - Object 'Object Repository/Page_CURA Healthcare Service/p_Login failed Please ensure the username a_eb55b5' is present

29-01-2025T17:40:20 - [TEST_STEP][PASSED] - closeBrowser(): Browser is closed

29-01-2025T17:40:21 - [MESSAGE][PASSED] - Browser is closed]]></system-out>
         <system-err><![CDATA[]]></system-err>
      </testcase>
      <system-out><![CDATA[29-01-2025T17:39:43 - [TEST_SUITE][PASSED] - BookAnAppointment: Test Cases/LoginFail]]></system-out>
      <system-err><![CDATA[]]></system-err>
   </testsuite>
</testsuites>
